<?xml version="1.0" encoding="UTF-8"?>
<!-- Generated by org.testng.reporters.JUnitReportReporter -->
<testsuite hostname="USER-15" failures="0" tests="10" name="runner.TestRunner" time="334.375" errors="0" timestamp="2024-11-25T15:49:29 IST" skipped="0">
  <testcase classname="runner.TestRunner" name="runScenario" time="52.938"/>
  <testcase classname="runner.TestRunner" name="runScenario" time="20.809"/>
  <testcase classname="runner.TestRunner" name="runScenario" time="35.837"/>
  <testcase classname="runner.TestRunner" name="runScenario" time="48.411"/>
  <testcase classname="runner.TestRunner" name="runScenario" time="14.415"/>
  <testcase classname="runner.TestRunner" name="runScenario" time="24.579"/>
  <testcase classname="runner.TestRunner" name="runScenario" time="39.961"/>
  <testcase classname="runner.TestRunner" name="runScenario" time="32.167"/>
  <testcase classname="runner.TestRunner" name="runScenario" time="29.068"/>
  <testcase classname="runner.TestRunner" name="runScenario" time="36.190"/>
</testsuite> <!-- runner.TestRunner -->
